*** Using Compiler 'V5.06 update 5 (build 528)', folder: 'D:\ARM\ARMCC\Bin'
Build target 'Template'
compiling stm32f4xx_hal.c...
compiling key.c...
compiling stm32f4xx_hal_rcc_ex.c...
compiling main.c...
compiling stm32f4xx_hal_dma.c...
compiling sys.c...
compiling system_stm32f4xx.c...
compiling stm32f4xx_hal_cortex.c...
compiling delay.c...
compiling gtim.c...
compiling stm32f4xx_hal_uart.c...
compiling usart.c...
compiling stm32f4xx_it.c...
compiling stm32f4xx_hal_rcc.c...
compiling stm32f4xx_hal_dma_ex.c...
compiling stm32f4xx_hal_iwdg.c...
compiling stm32f4xx_hal_pwr_ex.c...
compiling stm32f4xx_hal_gpio.c...
compiling stm32f4xx_hal_pwr.c...
compiling stm32f4xx_hal_usart.c...
compiling stm32f4xx_hal_tim_ex.c...
compiling stm32f4xx_hal_tim.c...
linking...
Program Size: Code=8754 RO-data=450 RW-data=28 ZI-data=1460  
FromELF: creating hex file...
"..\..\Output\atk_f407.axf" - 0 Error(s), 0 Warning(s).
Build Time Elapsed:  00:00:07
